RAM Summary report for DE1_DNN
Tue Feb 24 19:18:58 2026
Quartus Prime Version 18.1.0 Build 625 09/12/2018 SJ Standard Edition


---------------------
; Table of Contents ;
---------------------
  1. Legal Notice
  2. Analysis & Synthesis RAM Summary



----------------
; Legal Notice ;
----------------
Copyright (C) 2018  Intel Corporation. All rights reserved.
Your use of Intel Corporation's design tools, logic functions 
and other software and tools, and its AMPP partner logic 
functions, and any output files from any of the foregoing 
(including device programming or simulation files), and any 
associated documentation or information are expressly subject 
to the terms and conditions of the Intel Program License 
Subscription Agreement, the Intel Quartus Prime License Agreement,
the Intel FPGA IP License Agreement, or other applicable license
agreement, including, without limitation, that your use is for
the sole purpose of programming logic devices manufactured by
Intel and sold by Intel or its authorized distributors.  Please
refer to the applicable agreement for further details.



+---------------------------------------------------------------------------------------------------------------------------------------------------------------------------------------------------------------------------------+
; Analysis & Synthesis RAM Summary                                                                                                                                                                                                ;
+---------------------------------------------------------------------------------------------------+------------+------+--------------+--------------+--------------+--------------+------+--------------------------------------+
; Name                                                                                              ; Type       ; Mode ; Port A Depth ; Port A Width ; Port B Depth ; Port B Width ; Size ; MIF                                  ;
+---------------------------------------------------------------------------------------------------+------------+------+--------------+--------------+--------------+--------------+------+--------------------------------------+
; DNN:u_DNN|ROM:u_DNN_Bias_ROM|altsyncram:rom_mem_rtl_0|altsyncram_hge1:auto_generated|ALTSYNCRAM   ; M10K block ; ROM  ; 10           ; 8            ; --           ; --           ; 80   ; db/DE1_DNN.ram0_ROM_b74e1f06.hdl.mif ;
; DNN:u_DNN|ROM:u_DNN_Weight_ROM|altsyncram:rom_mem_rtl_0|altsyncram_rje1:auto_generated|ALTSYNCRAM ; M10K block ; ROM  ; 840          ; 8            ; --           ; --           ; 6720 ; db/DE1_DNN.ram0_ROM_fd28630d.hdl.mif ;
+---------------------------------------------------------------------------------------------------+------------+------+--------------+--------------+--------------+--------------+------+--------------------------------------+


